<?xml version="1.0" encoding="UTF-8"?>
<!-- Generated by org.testng.reporters.JUnitXMLReporter -->
<testsuite hostname="DESKTOP-ODJGIG9" name="Test1" tests="1" failures="0" timestamp="25 May 2021 09:01:55 GMT" time="17.239" errors="0">
  <testcase name="@BeforeClass OpenBrowser" time="0.0" classname="com.Test.TestHomePage">
    <failure type="org.openqa.selenium.SessionNotCreatedException" message="session not created: This version of ChromeDriver only supports Chrome version 87
Current browser version is 90.0.4430.212 with binary path C:\Program Files\Google\Chrome\Application\chrome.exe
Build info: version: &amp;apos;3.141.59&amp;apos;, revision: &amp;apos;e82be7d358&amp;apos;, time: &amp;apos;2018-11-14T08:17:03&amp;apos;
System info: host: &amp;apos;DESKTOP-ODJGIG9&amp;apos;, ip: &amp;apos;192.168.137.1&amp;apos;, os.name: &amp;apos;Windows 10&amp;apos;, os.arch: &amp;apos;amd64&amp;apos;, os.version: &amp;apos;10.0&amp;apos;, java.version: &amp;apos;1.8.0_261&amp;apos;
Driver info: driver.version: ChromeDriver
remote stacktrace: Backtrace:
	Ordinal0 [0x011DC0C3+3326147]
	Ordinal0 [0x010C0851+2164817]
	Ordinal0 [0x00F47298+619160]
	Ordinal0 [0x00EC1D92+73106]
	Ordinal0 [0x00EBE119+57625]
	Ordinal0 [0x00EBC38A+50058]
	Ordinal0 [0x00EE5F3E+220990]
	Ordinal0 [0x00EE5CAC+220332]
	Ordinal0 [0x00EE189B+202907]
	Ordinal0 [0x00EC3DF4+81396]
	Ordinal0 [0x00EC4DEE+85486]
	Ordinal0 [0x00EC4D79+85369]
	Ordinal0 [0x010D85DC+2262492]
	GetHandleVerifier [0x01362874+1487204]
	GetHandleVerifier [0x013623CD+1486013]
	GetHandleVerifier [0x0136A368+1518680]
	GetHandleVerifier [0x01362F4E+1488958]
	Ordinal0 [0x010CED0D+2223373]
	Ordinal0 [0x010DA12B+2269483]
	Ordinal0 [0x010DA26F+2269807]
	Ordinal0 [0x010EECB8+2354360]
	BaseThreadInitThunk [0x74A96359+25]
	RtlGetAppContainerNamedObjectPath [0x77098964+228]
	RtlGetAppContainerNamedObjectPath [0x77098934+180]
">
      <![CDATA[org.openqa.selenium.SessionNotCreatedException: session not created: This version of ChromeDriver only supports Chrome version 87
Current browser version is 90.0.4430.212 with binary path C:\Program Files\Google\Chrome\Application\chrome.exe
Build info: version: '3.141.59', revision: 'e82be7d358', time: '2018-11-14T08:17:03'
System info: host: 'DESKTOP-ODJGIG9', ip: '192.168.137.1', os.name: 'Windows 10', os.arch: 'amd64', os.version: '10.0', java.version: '1.8.0_261'
Driver info: driver.version: ChromeDriver
remote stacktrace: Backtrace:
	Ordinal0 [0x011DC0C3+3326147]
	Ordinal0 [0x010C0851+2164817]
	Ordinal0 [0x00F47298+619160]
	Ordinal0 [0x00EC1D92+73106]
	Ordinal0 [0x00EBE119+57625]
	Ordinal0 [0x00EBC38A+50058]
	Ordinal0 [0x00EE5F3E+220990]
	Ordinal0 [0x00EE5CAC+220332]
	Ordinal0 [0x00EE189B+202907]
	Ordinal0 [0x00EC3DF4+81396]
	Ordinal0 [0x00EC4DEE+85486]
	Ordinal0 [0x00EC4D79+85369]
	Ordinal0 [0x010D85DC+2262492]
	GetHandleVerifier [0x01362874+1487204]
	GetHandleVerifier [0x013623CD+1486013]
	GetHandleVerifier [0x0136A368+1518680]
	GetHandleVerifier [0x01362F4E+1488958]
	Ordinal0 [0x010CED0D+2223373]
	Ordinal0 [0x010DA12B+2269483]
	Ordinal0 [0x010DA26F+2269807]
	Ordinal0 [0x010EECB8+2354360]
	BaseThreadInitThunk [0x74A96359+25]
	RtlGetAppContainerNamedObjectPath [0x77098964+228]
	RtlGetAppContainerNamedObjectPath [0x77098934+180]

	at org.openqa.selenium.remote.W3CHandshakeResponse.lambda$errorHandler$0(W3CHandshakeResponse.java:62)
	at org.openqa.selenium.remote.HandshakeResponse.lambda$getResponseFunction$0(HandshakeResponse.java:30)
	at org.openqa.selenium.remote.ProtocolHandshake.lambda$createSession$0(ProtocolHandshake.java:126)
	at java.util.stream.ReferencePipeline$3$1.accept(Unknown Source)
	at java.util.Spliterators$ArraySpliterator.tryAdvance(Unknown Source)
	at java.util.stream.ReferencePipeline.forEachWithCancel(Unknown Source)
	at java.util.stream.AbstractPipeline.copyIntoWithCancel(Unknown Source)
	at java.util.stream.AbstractPipeline.copyInto(Unknown Source)
	at java.util.stream.AbstractPipeline.wrapAndCopyInto(Unknown Source)
	at java.util.stream.FindOps$FindOp.evaluateSequential(Unknown Source)
	at java.util.stream.AbstractPipeline.evaluate(Unknown Source)
	at java.util.stream.ReferencePipeline.findFirst(Unknown Source)
	at org.openqa.selenium.remote.ProtocolHandshake.createSession(ProtocolHandshake.java:128)
	at org.openqa.selenium.remote.ProtocolHandshake.createSession(ProtocolHandshake.java:74)
	at org.openqa.selenium.remote.HttpCommandExecutor.execute(HttpCommandExecutor.java:136)
	at org.openqa.selenium.remote.service.DriverCommandExecutor.execute(DriverCommandExecutor.java:83)
	at org.openqa.selenium.remote.RemoteWebDriver.execute(RemoteWebDriver.java:552)
	at org.openqa.selenium.remote.RemoteWebDriver.startSession(RemoteWebDriver.java:213)
	at org.openqa.selenium.remote.RemoteWebDriver.<init>(RemoteWebDriver.java:131)
	at org.openqa.selenium.chrome.ChromeDriver.<init>(ChromeDriver.java:181)
	at org.openqa.selenium.chrome.ChromeDriver.<init>(ChromeDriver.java:168)
	at org.openqa.selenium.chrome.ChromeDriver.<init>(ChromeDriver.java:123)
	at genericlib.BaseClass.OpenBrowser(BaseClass.java:30)
	at java.util.concurrent.FutureTask.run(Unknown Source)
	at java.util.concurrent.ThreadPoolExecutor.runWorker(Unknown Source)
	at java.util.concurrent.ThreadPoolExecutor$Worker.run(Unknown Source)
	at java.lang.Thread.run(Unknown Source)
... Removed 20 stack frames]]>
    </failure>
  </testcase> <!-- @BeforeClass OpenBrowser -->
  <testcase name="@BeforeMethod closeApp" time="0.0" classname="com.Test.TestHomePage">
    <skipped/>
  </testcase> <!-- @BeforeMethod closeApp -->
  <testcase name="@AfterClass closeBroswer" time="0.0" classname="com.Test.TestHomePage">
    <skipped/>
  </testcase> <!-- @AfterClass closeBroswer -->
  <testcase name="Test1" time="0.034" classname="com.Test.TestHomePage">
    <skipped/>
  </testcase> <!-- Test1 -->
</testsuite> <!-- Test1 -->
