<?xml version="1.0" encoding="UTF-8"?>
<testng-results skipped="2" failed="0" total="2" passed="0">
  <reporter-output>
  </reporter-output>
  <suite name="Suite" duration-ms="20126" started-at="2021-05-25T09:01:36Z" finished-at="2021-05-25T09:01:56Z">
    <groups>
      <group name="smokeTest">
        <method signature="TestHomePage.Test1()[pri:0, instance:com.Test.TestHomePage@6f7fd0e6]" name="Test1" class="com.Test.TestHomePage"/>
        <method signature="Scroll.MouseHover()[pri:0, instance:com.Test.Scroll@3abbfa04]" name="MouseHover" class="com.Test.Scroll"/>
      </group> <!-- smokeTest -->
    </groups>
    <test name="Test1" duration-ms="17239" started-at="2021-05-25T09:01:36Z" finished-at="2021-05-25T09:01:53Z">
      <class name="com.Test.TestHomePage">
        <test-method status="FAIL" signature="OpenBrowser(java.lang.String)[pri:0, instance:com.Test.TestHomePage@6f7fd0e6]" name="OpenBrowser" is-config="true" duration-ms="0" started-at="2021-05-25T14:31:37Z" finished-at="2021-05-25T14:31:37Z">
          <params>
            <param index="0">
              <value>
                <![CDATA[chrome]]>
              </value>
            </param>
          </params>
          <exception class="org.openqa.selenium.SessionNotCreatedException">
            <message>
              <![CDATA[session not created: This version of ChromeDriver only supports Chrome version 87
Current browser version is 90.0.4430.212 with binary path C:\Program Files\Google\Chrome\Application\chrome.exe
Build info: version: '3.141.59', revision: 'e82be7d358', time: '2018-11-14T08:17:03'
System info: host: 'DESKTOP-ODJGIG9', ip: '192.168.137.1', os.name: 'Windows 10', os.arch: 'amd64', os.version: '10.0', java.version: '1.8.0_261'
Driver info: driver.version: ChromeDriver
remote stacktrace: Backtrace:
	Ordinal0 [0x011DC0C3+3326147]
	Ordinal0 [0x010C0851+2164817]
	Ordinal0 [0x00F47298+619160]
	Ordinal0 [0x00EC1D92+73106]
	Ordinal0 [0x00EBE119+57625]
	Ordinal0 [0x00EBC38A+50058]
	Ordinal0 [0x00EE5F3E+220990]
	Ordinal0 [0x00EE5CAC+220332]
	Ordinal0 [0x00EE189B+202907]
	Ordinal0 [0x00EC3DF4+81396]
	Ordinal0 [0x00EC4DEE+85486]
	Ordinal0 [0x00EC4D79+85369]
	Ordinal0 [0x010D85DC+2262492]
	GetHandleVerifier [0x01362874+1487204]
	GetHandleVerifier [0x013623CD+1486013]
	GetHandleVerifier [0x0136A368+1518680]
	GetHandleVerifier [0x01362F4E+1488958]
	Ordinal0 [0x010CED0D+2223373]
	Ordinal0 [0x010DA12B+2269483]
	Ordinal0 [0x010DA26F+2269807]
	Ordinal0 [0x010EECB8+2354360]
	BaseThreadInitThunk [0x74A96359+25]
	RtlGetAppContainerNamedObjectPath [0x77098964+228]
	RtlGetAppContainerNamedObjectPath [0x77098934+180]
]]>
            </message>
            <full-stacktrace>
              <![CDATA[org.openqa.selenium.SessionNotCreatedException: session not created: This version of ChromeDriver only supports Chrome version 87
Current browser version is 90.0.4430.212 with binary path C:\Program Files\Google\Chrome\Application\chrome.exe
Build info: version: '3.141.59', revision: 'e82be7d358', time: '2018-11-14T08:17:03'
System info: host: 'DESKTOP-ODJGIG9', ip: '192.168.137.1', os.name: 'Windows 10', os.arch: 'amd64', os.version: '10.0', java.version: '1.8.0_261'
Driver info: driver.version: ChromeDriver
remote stacktrace: Backtrace:
	Ordinal0 [0x011DC0C3+3326147]
	Ordinal0 [0x010C0851+2164817]
	Ordinal0 [0x00F47298+619160]
	Ordinal0 [0x00EC1D92+73106]
	Ordinal0 [0x00EBE119+57625]
	Ordinal0 [0x00EBC38A+50058]
	Ordinal0 [0x00EE5F3E+220990]
	Ordinal0 [0x00EE5CAC+220332]
	Ordinal0 [0x00EE189B+202907]
	Ordinal0 [0x00EC3DF4+81396]
	Ordinal0 [0x00EC4DEE+85486]
	Ordinal0 [0x00EC4D79+85369]
	Ordinal0 [0x010D85DC+2262492]
	GetHandleVerifier [0x01362874+1487204]
	GetHandleVerifier [0x013623CD+1486013]
	GetHandleVerifier [0x0136A368+1518680]
	GetHandleVerifier [0x01362F4E+1488958]
	Ordinal0 [0x010CED0D+2223373]
	Ordinal0 [0x010DA12B+2269483]
	Ordinal0 [0x010DA26F+2269807]
	Ordinal0 [0x010EECB8+2354360]
	BaseThreadInitThunk [0x74A96359+25]
	RtlGetAppContainerNamedObjectPath [0x77098964+228]
	RtlGetAppContainerNamedObjectPath [0x77098934+180]

	at sun.reflect.NativeConstructorAccessorImpl.newInstance0(Native Method)
	at sun.reflect.NativeConstructorAccessorImpl.newInstance(Unknown Source)
	at sun.reflect.DelegatingConstructorAccessorImpl.newInstance(Unknown Source)
	at java.lang.reflect.Constructor.newInstance(Unknown Source)
	at org.openqa.selenium.remote.W3CHandshakeResponse.lambda$errorHandler$0(W3CHandshakeResponse.java:62)
	at org.openqa.selenium.remote.HandshakeResponse.lambda$getResponseFunction$0(HandshakeResponse.java:30)
	at org.openqa.selenium.remote.ProtocolHandshake.lambda$createSession$0(ProtocolHandshake.java:126)
	at java.util.stream.ReferencePipeline$3$1.accept(Unknown Source)
	at java.util.Spliterators$ArraySpliterator.tryAdvance(Unknown Source)
	at java.util.stream.ReferencePipeline.forEachWithCancel(Unknown Source)
	at java.util.stream.AbstractPipeline.copyIntoWithCancel(Unknown Source)
	at java.util.stream.AbstractPipeline.copyInto(Unknown Source)
	at java.util.stream.AbstractPipeline.wrapAndCopyInto(Unknown Source)
	at java.util.stream.FindOps$FindOp.evaluateSequential(Unknown Source)
	at java.util.stream.AbstractPipeline.evaluate(Unknown Source)
	at java.util.stream.ReferencePipeline.findFirst(Unknown Source)
	at org.openqa.selenium.remote.ProtocolHandshake.createSession(ProtocolHandshake.java:128)
	at org.openqa.selenium.remote.ProtocolHandshake.createSession(ProtocolHandshake.java:74)
	at org.openqa.selenium.remote.HttpCommandExecutor.execute(HttpCommandExecutor.java:136)
	at org.openqa.selenium.remote.service.DriverCommandExecutor.execute(DriverCommandExecutor.java:83)
	at org.openqa.selenium.remote.RemoteWebDriver.execute(RemoteWebDriver.java:552)
	at org.openqa.selenium.remote.RemoteWebDriver.startSession(RemoteWebDriver.java:213)
	at org.openqa.selenium.remote.RemoteWebDriver.<init>(RemoteWebDriver.java:131)
	at org.openqa.selenium.chrome.ChromeDriver.<init>(ChromeDriver.java:181)
	at org.openqa.selenium.chrome.ChromeDriver.<init>(ChromeDriver.java:168)
	at org.openqa.selenium.chrome.ChromeDriver.<init>(ChromeDriver.java:123)
	at genericlib.BaseClass.OpenBrowser(BaseClass.java:30)
	at sun.reflect.NativeMethodAccessorImpl.invoke0(Native Method)
	at sun.reflect.NativeMethodAccessorImpl.invoke(Unknown Source)
	at sun.reflect.DelegatingMethodAccessorImpl.invoke(Unknown Source)
	at java.lang.reflect.Method.invoke(Unknown Source)
	at org.testng.internal.MethodInvocationHelper.invokeMethod(MethodInvocationHelper.java:86)
	at org.testng.internal.Invoker.invokeConfigurationMethod(Invoker.java:515)
	at org.testng.internal.Invoker.invokeConfigurations(Invoker.java:216)
	at org.testng.internal.Invoker.invokeConfigurations(Invoker.java:143)
	at org.testng.internal.TestMethodWorker.invokeBeforeClassMethods(TestMethodWorker.java:178)
	at org.testng.internal.TestMethodWorker.run(TestMethodWorker.java:108)
	at org.testng.TestRunner.privateRun(TestRunner.java:778)
	at org.testng.TestRunner.run(TestRunner.java:632)
	at org.testng.SuiteRunner.runTest(SuiteRunner.java:366)
	at org.testng.SuiteRunner.access$000(SuiteRunner.java:39)
	at org.testng.SuiteRunner$SuiteWorker.run(SuiteRunner.java:400)
	at org.testng.internal.thread.ThreadUtil$2.call(ThreadUtil.java:64)
	at java.util.concurrent.FutureTask.run(Unknown Source)
	at java.util.concurrent.ThreadPoolExecutor.runWorker(Unknown Source)
	at java.util.concurrent.ThreadPoolExecutor$Worker.run(Unknown Source)
	at java.lang.Thread.run(Unknown Source)
]]>
            </full-stacktrace>
          </exception> <!-- org.openqa.selenium.SessionNotCreatedException -->
          <reporter-output>
          </reporter-output>
        </test-method> <!-- OpenBrowser -->
        <test-method status="SKIP" signature="closeApp()[pri:0, instance:com.Test.TestHomePage@6f7fd0e6]" name="closeApp" is-config="true" duration-ms="0" started-at="2021-05-25T14:31:53Z" finished-at="2021-05-25T14:31:53Z">
          <reporter-output>
          </reporter-output>
        </test-method> <!-- closeApp -->
        <test-method status="SKIP" signature="Test1()[pri:0, instance:com.Test.TestHomePage@6f7fd0e6]" name="Test1" duration-ms="34" started-at="2021-05-25T14:31:53Z" finished-at="2021-05-25T14:31:53Z">
          <reporter-output>
          </reporter-output>
        </test-method> <!-- Test1 -->
        <test-method status="SKIP" signature="closeBroswer()[pri:0, instance:com.Test.TestHomePage@6f7fd0e6]" name="closeBroswer" is-config="true" duration-ms="0" started-at="2021-05-25T14:31:53Z" finished-at="2021-05-25T14:31:53Z">
          <reporter-output>
          </reporter-output>
        </test-method> <!-- closeBroswer -->
      </class> <!-- com.Test.TestHomePage -->
    </test> <!-- Test1 -->
    <test name="Test2" duration-ms="20124" started-at="2021-05-25T09:01:36Z" finished-at="2021-05-25T09:01:56Z">
      <class name="com.Test.Scroll">
        <test-method status="PASS" signature="connectDB()[pri:0, instance:com.Test.Scroll@3abbfa04]" name="connectDB" is-config="true" duration-ms="53" started-at="2021-05-25T14:31:36Z" finished-at="2021-05-25T14:31:36Z">
          <reporter-output>
          </reporter-output>
        </test-method> <!-- connectDB -->
        <test-method status="FAIL" signature="OpenBrowser(java.lang.String)[pri:0, instance:com.Test.Scroll@3abbfa04]" name="OpenBrowser" is-config="true" duration-ms="0" started-at="2021-05-25T14:31:37Z" finished-at="2021-05-25T14:31:37Z">
          <params>
            <param index="0">
              <value>
                <![CDATA[chrome]]>
              </value>
            </param>
          </params>
          <exception class="org.openqa.selenium.SessionNotCreatedException">
            <message>
              <![CDATA[session not created: This version of ChromeDriver only supports Chrome version 87
Current browser version is 90.0.4430.212 with binary path C:\Program Files\Google\Chrome\Application\chrome.exe
Build info: version: '3.141.59', revision: 'e82be7d358', time: '2018-11-14T08:17:03'
System info: host: 'DESKTOP-ODJGIG9', ip: '192.168.137.1', os.name: 'Windows 10', os.arch: 'amd64', os.version: '10.0', java.version: '1.8.0_261'
Driver info: driver.version: ChromeDriver
remote stacktrace: Backtrace:
	Ordinal0 [0x011DC0C3+3326147]
	Ordinal0 [0x010C0851+2164817]
	Ordinal0 [0x00F47298+619160]
	Ordinal0 [0x00EC1D92+73106]
	Ordinal0 [0x00EBE119+57625]
	Ordinal0 [0x00EBC38A+50058]
	Ordinal0 [0x00EE5F3E+220990]
	Ordinal0 [0x00EE5CAC+220332]
	Ordinal0 [0x00EE189B+202907]
	Ordinal0 [0x00EC3DF4+81396]
	Ordinal0 [0x00EC4DEE+85486]
	Ordinal0 [0x00EC4D79+85369]
	Ordinal0 [0x010D85DC+2262492]
	GetHandleVerifier [0x01362874+1487204]
	GetHandleVerifier [0x013623CD+1486013]
	GetHandleVerifier [0x0136A368+1518680]
	GetHandleVerifier [0x01362F4E+1488958]
	Ordinal0 [0x010CED0D+2223373]
	Ordinal0 [0x010DA12B+2269483]
	Ordinal0 [0x010DA26F+2269807]
	Ordinal0 [0x010EECB8+2354360]
	BaseThreadInitThunk [0x74A96359+25]
	RtlGetAppContainerNamedObjectPath [0x77098964+228]
	RtlGetAppContainerNamedObjectPath [0x77098934+180]
]]>
            </message>
            <full-stacktrace>
              <![CDATA[org.openqa.selenium.SessionNotCreatedException: session not created: This version of ChromeDriver only supports Chrome version 87
Current browser version is 90.0.4430.212 with binary path C:\Program Files\Google\Chrome\Application\chrome.exe
Build info: version: '3.141.59', revision: 'e82be7d358', time: '2018-11-14T08:17:03'
System info: host: 'DESKTOP-ODJGIG9', ip: '192.168.137.1', os.name: 'Windows 10', os.arch: 'amd64', os.version: '10.0', java.version: '1.8.0_261'
Driver info: driver.version: ChromeDriver
remote stacktrace: Backtrace:
	Ordinal0 [0x011DC0C3+3326147]
	Ordinal0 [0x010C0851+2164817]
	Ordinal0 [0x00F47298+619160]
	Ordinal0 [0x00EC1D92+73106]
	Ordinal0 [0x00EBE119+57625]
	Ordinal0 [0x00EBC38A+50058]
	Ordinal0 [0x00EE5F3E+220990]
	Ordinal0 [0x00EE5CAC+220332]
	Ordinal0 [0x00EE189B+202907]
	Ordinal0 [0x00EC3DF4+81396]
	Ordinal0 [0x00EC4DEE+85486]
	Ordinal0 [0x00EC4D79+85369]
	Ordinal0 [0x010D85DC+2262492]
	GetHandleVerifier [0x01362874+1487204]
	GetHandleVerifier [0x013623CD+1486013]
	GetHandleVerifier [0x0136A368+1518680]
	GetHandleVerifier [0x01362F4E+1488958]
	Ordinal0 [0x010CED0D+2223373]
	Ordinal0 [0x010DA12B+2269483]
	Ordinal0 [0x010DA26F+2269807]
	Ordinal0 [0x010EECB8+2354360]
	BaseThreadInitThunk [0x74A96359+25]
	RtlGetAppContainerNamedObjectPath [0x77098964+228]
	RtlGetAppContainerNamedObjectPath [0x77098934+180]

	at sun.reflect.NativeConstructorAccessorImpl.newInstance0(Native Method)
	at sun.reflect.NativeConstructorAccessorImpl.newInstance(Unknown Source)
	at sun.reflect.DelegatingConstructorAccessorImpl.newInstance(Unknown Source)
	at java.lang.reflect.Constructor.newInstance(Unknown Source)
	at org.openqa.selenium.remote.W3CHandshakeResponse.lambda$errorHandler$0(W3CHandshakeResponse.java:62)
	at org.openqa.selenium.remote.HandshakeResponse.lambda$getResponseFunction$0(HandshakeResponse.java:30)
	at org.openqa.selenium.remote.ProtocolHandshake.lambda$createSession$0(ProtocolHandshake.java:126)
	at java.util.stream.ReferencePipeline$3$1.accept(Unknown Source)
	at java.util.Spliterators$ArraySpliterator.tryAdvance(Unknown Source)
	at java.util.stream.ReferencePipeline.forEachWithCancel(Unknown Source)
	at java.util.stream.AbstractPipeline.copyIntoWithCancel(Unknown Source)
	at java.util.stream.AbstractPipeline.copyInto(Unknown Source)
	at java.util.stream.AbstractPipeline.wrapAndCopyInto(Unknown Source)
	at java.util.stream.FindOps$FindOp.evaluateSequential(Unknown Source)
	at java.util.stream.AbstractPipeline.evaluate(Unknown Source)
	at java.util.stream.ReferencePipeline.findFirst(Unknown Source)
	at org.openqa.selenium.remote.ProtocolHandshake.createSession(ProtocolHandshake.java:128)
	at org.openqa.selenium.remote.ProtocolHandshake.createSession(ProtocolHandshake.java:74)
	at org.openqa.selenium.remote.HttpCommandExecutor.execute(HttpCommandExecutor.java:136)
	at org.openqa.selenium.remote.service.DriverCommandExecutor.execute(DriverCommandExecutor.java:83)
	at org.openqa.selenium.remote.RemoteWebDriver.execute(RemoteWebDriver.java:552)
	at org.openqa.selenium.remote.RemoteWebDriver.startSession(RemoteWebDriver.java:213)
	at org.openqa.selenium.remote.RemoteWebDriver.<init>(RemoteWebDriver.java:131)
	at org.openqa.selenium.chrome.ChromeDriver.<init>(ChromeDriver.java:181)
	at org.openqa.selenium.chrome.ChromeDriver.<init>(ChromeDriver.java:168)
	at org.openqa.selenium.chrome.ChromeDriver.<init>(ChromeDriver.java:123)
	at genericlib.BaseClass.OpenBrowser(BaseClass.java:30)
	at sun.reflect.NativeMethodAccessorImpl.invoke0(Native Method)
	at sun.reflect.NativeMethodAccessorImpl.invoke(Unknown Source)
	at sun.reflect.DelegatingMethodAccessorImpl.invoke(Unknown Source)
	at java.lang.reflect.Method.invoke(Unknown Source)
	at org.testng.internal.MethodInvocationHelper.invokeMethod(MethodInvocationHelper.java:86)
	at org.testng.internal.Invoker.invokeConfigurationMethod(Invoker.java:515)
	at org.testng.internal.Invoker.invokeConfigurations(Invoker.java:216)
	at org.testng.internal.Invoker.invokeConfigurations(Invoker.java:143)
	at org.testng.internal.TestMethodWorker.invokeBeforeClassMethods(TestMethodWorker.java:178)
	at org.testng.internal.TestMethodWorker.run(TestMethodWorker.java:108)
	at org.testng.TestRunner.privateRun(TestRunner.java:778)
	at org.testng.TestRunner.run(TestRunner.java:632)
	at org.testng.SuiteRunner.runTest(SuiteRunner.java:366)
	at org.testng.SuiteRunner.access$000(SuiteRunner.java:39)
	at org.testng.SuiteRunner$SuiteWorker.run(SuiteRunner.java:400)
	at org.testng.internal.thread.ThreadUtil$2.call(ThreadUtil.java:64)
	at java.util.concurrent.FutureTask.run(Unknown Source)
	at java.util.concurrent.ThreadPoolExecutor.runWorker(Unknown Source)
	at java.util.concurrent.ThreadPoolExecutor$Worker.run(Unknown Source)
	at java.lang.Thread.run(Unknown Source)
]]>
            </full-stacktrace>
          </exception> <!-- org.openqa.selenium.SessionNotCreatedException -->
          <reporter-output>
          </reporter-output>
        </test-method> <!-- OpenBrowser -->
        <test-method status="SKIP" signature="closeApp()[pri:0, instance:com.Test.Scroll@3abbfa04]" name="closeApp" is-config="true" duration-ms="0" started-at="2021-05-25T14:31:56Z" finished-at="2021-05-25T14:31:56Z">
          <reporter-output>
          </reporter-output>
        </test-method> <!-- closeApp -->
        <test-method status="SKIP" signature="MouseHover()[pri:0, instance:com.Test.Scroll@3abbfa04]" name="MouseHover" duration-ms="2" started-at="2021-05-25T14:31:56Z" finished-at="2021-05-25T14:31:56Z">
          <reporter-output>
          </reporter-output>
        </test-method> <!-- MouseHover -->
        <test-method status="SKIP" signature="closeBroswer()[pri:0, instance:com.Test.Scroll@3abbfa04]" name="closeBroswer" is-config="true" duration-ms="0" started-at="2021-05-25T14:31:56Z" finished-at="2021-05-25T14:31:56Z">
          <reporter-output>
          </reporter-output>
        </test-method> <!-- closeBroswer -->
      </class> <!-- com.Test.Scroll -->
    </test> <!-- Test2 -->
  </suite> <!-- Suite -->
</testng-results>
